2014/07/08 12:33:20 [error] [exception.CDbException] SQLSTATE[42000] [1049] Unknown database 'blog'
2014/07/08 12:33:20 [error] [exception.CDbException] exception 'CDbException' with message 'CDbConnection failed to open the DB connection.' in D:\phpStudy\WWW\yii-1.1.7.r3135\framework\db\CDbConnection.php:354
Stack trace:
#0 D:\phpStudy\WWW\yii-1.1.7.r3135\framework\db\CDbConnection.php(297): CDbConnection->open()
#1 D:\phpStudy\WWW\yii-1.1.7.r3135\framework\db\CDbConnection.php(275): CDbConnection->setActive(true)
#2 D:\phpStudy\WWW\yii-1.1.7.r3135\framework\base\CModule.php(372): CDbConnection->init()
#3 D:\phpStudy\WWW\yii-1.1.7.r3135\framework\base\CApplication.php(426): CModule->getComponent('db')
#4 D:\phpStudy\WWW\yii-1.1.7.r3135\framework\db\ar\CActiveRecord.php(607): CApplication->getDb()
#5 D:\phpStudy\WWW\yii-1.1.7.r3135\framework\db\ar\CActiveRecord.php(2236): CActiveRecord->getDbConnection()
#6 D:\phpStudy\WWW\yii-1.1.7.r3135\framework\db\ar\CActiveRecord.php(371): CActiveRecordMetaData->__construct(Object(Post))
#7 D:\phpStudy\WWW\yii-1.1.7.r3135\framework\web\CActiveDataProvider.php(72): CActiveRecord::model('Post')
#8 D:\phpStudy\WWW\yii-1.1.7.r3135\demos\blog\protected\controllers\PostController.php(132): CActiveDataProvider->__construct('Post', Array)
#9 D:\phpStudy\WWW\yii-1.1.7.r3135\framework\web\actions\CInlineAction.php(50): PostController->actionIndex()
#10 D:\phpStudy\WWW\yii-1.1.7.r3135\framework\web\CController.php(300): CInlineAction->runWithParams(Array)
#11 D:\phpStudy\WWW\yii-1.1.7.r3135\framework\web\filters\CFilterChain.php(133): CController->runAction(Object(CInlineAction))
#12 D:\phpStudy\WWW\yii-1.1.7.r3135\framework\web\filters\CFilter.php(41): CFilterChain->run()
#13 D:\phpStudy\WWW\yii-1.1.7.r3135\framework\web\CController.php(1122): CFilter->filter(Object(CFilterChain))
#14 D:\phpStudy\WWW\yii-1.1.7.r3135\framework\web\filters\CInlineFilter.php(59): CController->filterAccessControl(Object(CFilterChain))
#15 D:\phpStudy\WWW\yii-1.1.7.r3135\framework\web\filters\CFilterChain.php(130): CInlineFilter->filter(Object(CFilterChain))
#16 D:\phpStudy\WWW\yii-1.1.7.r3135\framework\web\CController.php(283): CFilterChain->run()
#17 D:\phpStudy\WWW\yii-1.1.7.r3135\framework\web\CController.php(257): CController->runActionWithFilters(Object(CInlineAction), Array)
#18 D:\phpStudy\WWW\yii-1.1.7.r3135\framework\web\CWebApplication.php(328): CController->run('')
#19 D:\phpStudy\WWW\yii-1.1.7.r3135\framework\web\CWebApplication.php(121): CWebApplication->runController('')
#20 D:\phpStudy\WWW\yii-1.1.7.r3135\framework\base\CApplication.php(155): CWebApplication->processRequest()
#21 D:\phpStudy\WWW\yii-1.1.7.r3135\demos\blog\index.php(11): CApplication->run()
#22 {main} REQUEST_URI=/yii-1.1.7.r3135/demos/blog/
